Using pre-set license
Built from '2022.3/staging' branch; Version is '2022.3.9f1 (ea401c316338) revision 15351836'; Using compiler version '192829333'; Build Type 'Release'
OS: 'Windows 10  (10.0.19045) 64bit Professional' Language: 'en' Physical Memory: 32721 MB
BatchMode: 1, IsHumanControllingUs: 0, StartBugReporterOnCrash: 0, Is64bit: 1, IsPro: 1

COMMAND LINE ARGUMENTS:
C:\Program Files\Unity\Hub\Editor\2022.3.9f1\Editor\Unity.exe
-adb2
-batchMode
-noUpm
-name
AssetImportWorker7
-projectPath
D:/Unity Projects/EAS_V2
-logFile
Logs/AssetImportWorker7.log
-srvPort
59254
Successfully changed project path to: D:/Unity Projects/EAS_V2
D:/Unity Projects/EAS_V2
[UnityMemory] Configuration Parameters - Can be set up in boot.config
    "memorysetup-bucket-allocator-granularity=16"
    "memorysetup-bucket-allocator-bucket-count=8"
    "memorysetup-bucket-allocator-block-size=33554432"
    "memorysetup-bucket-allocator-block-count=8"
    "memorysetup-main-allocator-block-size=16777216"
    "memorysetup-thread-allocator-block-size=16777216"
    "memorysetup-gfx-main-allocator-block-size=16777216"
    "memorysetup-gfx-thread-allocator-block-size=16777216"
    "memorysetup-cache-allocator-block-size=4194304"
    "memorysetup-typetree-allocator-block-size=2097152"
    "memorysetup-profiler-bucket-allocator-granularity=16"
    "memorysetup-profiler-bucket-allocator-bucket-count=8"
    "memorysetup-profiler-bucket-allocator-block-size=33554432"
    "memorysetup-profiler-bucket-allocator-block-count=8"
    "memorysetup-profiler-allocator-block-size=16777216"
    "memorysetup-profiler-editor-allocator-block-size=1048576"
    "memorysetup-temp-allocator-size-main=16777216"
    "memorysetup-job-temp-allocator-block-size=2097152"
    "memorysetup-job-temp-allocator-block-size-background=1048576"
    "memorysetup-job-temp-allocator-reduction-small-platforms=262144"
    "memorysetup-allocator-temp-initial-block-size-main=262144"
    "memorysetup-allocator-temp-initial-block-size-worker=262144"
    "memorysetup-temp-allocator-size-background-worker=32768"
    "memorysetup-temp-allocator-size-job-worker=262144"
    "memorysetup-temp-allocator-size-preload-manager=33554432"
    "memorysetup-temp-allocator-size-nav-mesh-worker=65536"
    "memorysetup-temp-allocator-size-audio-worker=65536"
    "memorysetup-temp-allocator-size-cloud-worker=32768"
    "memorysetup-temp-allocator-size-gi-baking-worker=262144"
    "memorysetup-temp-allocator-size-gfx=262144"
Player connection [22004] Host "[IP] 192.168.1.125 [Port] 0 [Flags] 2 [Guid] 3649004516 [EditorId] 3649004516 [Version] 1048832 [Id] WindowsEditor(7,Jhaydun-PC) [Debug] 1 [PackageName] WindowsEditor [ProjectName] Editor" joined multi-casting on [225.0.0.222:54997]...

Player connection [22004] Host "[IP] 192.168.1.125 [Port] 0 [Flags] 2 [Guid] 3649004516 [EditorId] 3649004516 [Version] 1048832 [Id] WindowsEditor(7,Jhaydun-PC) [Debug] 1 [PackageName] WindowsEditor [ProjectName] Editor" joined alternative multi-casting on [225.0.0.222:34997]...

[Physics::Module] Initialized MultithreadedJobDispatcher with 7 workers.
Refreshing native plugins compatible for Editor in 14.12 ms, found 7 plugins.
Preloading 0 native plugins for Editor in 0.00 ms.
Initialize engine version: 2022.3.9f1 (ea401c316338)
[Subsystems] Discovering subsystems at path C:/Program Files/Unity/Hub/Editor/2022.3.9f1/Editor/Data/Resources/UnitySubsystems
[Subsystems] Discovering subsystems at path D:/Unity Projects/EAS_V2/Assets
GfxDevice: creating device client; threaded=0; jobified=0
Direct3D:
    Version:  Direct3D 11.0 [level 11.1]
    Renderer: NVIDIA GeForce GTX 1080 Ti (ID=0x1b06)
    Vendor:   NVIDIA
    VRAM:     11120 MB
    Driver:   31.0.15.3667
Initialize mono
Mono path[0] = 'C:/Program Files/Unity/Hub/Editor/2022.3.9f1/Editor/Data/Managed'
Mono path[1] = 'C:/Program Files/Unity/Hub/Editor/2022.3.9f1/Editor/Data/MonoBleedingEdge/lib/mono/unityjit-win32'
Mono config path = 'C:/Program Files/Unity/Hub/Editor/2022.3.9f1/Editor/Data/MonoBleedingEdge/etc'
Using monoOptions --debugger-agent=transport=dt_socket,embedding=1,server=y,suspend=n,address=127.0.0.1:56872
Begin MonoManager ReloadAssembly
Registering precompiled unity dll's ...
Register platform support module: C:/Program Files/Unity/Hub/Editor/2022.3.9f1/Editor/Data/PlaybackEngines/WindowsStandaloneSupport/UnityEditor.WindowsStandalone.Extensions.dll
Registered in 0.011263 seconds.
- Loaded All Assemblies, in  0.391 seconds
Native extension for WindowsStandalone target not found
Mono: successfully reloaded assembly
- Finished resetting the current domain, in  0.269 seconds
Domain Reload Profiling: 658ms
	BeginReloadAssembly (129ms)
		ExecutionOrderSort (0ms)
		DisableScriptedObjects (0ms)
		BackupInstance (0ms)
		ReleaseScriptingObjects (0ms)
		CreateAndSetChildDomain (2ms)
	RebuildCommonClasses (40ms)
	RebuildNativeTypeToScriptingClass (11ms)
	initialDomainReloadingComplete (70ms)
	LoadAllAssembliesAndSetupDomain (138ms)
		LoadAssemblies (124ms)
		RebuildTransferFunctionScriptingTraits (0ms)
		AnalyzeDomain (136ms)
			TypeCache.Refresh (135ms)
				TypeCache.ScanAssembly (121ms)
			ScanForSourceGeneratedMonoScriptInfo (0ms)
			ResolveRequiredComponents (0ms)
	FinalizeReload (269ms)
		ReleaseScriptCaches (0ms)
		RebuildScriptCaches (0ms)
		SetupLoadedEditorAssemblies (207ms)
			LogAssemblyErrors (0ms)
			InitializePlatformSupportModulesInManaged (10ms)
			SetLoadedEditorAssemblies (7ms)
			RefreshPlugins (0ms)
			BeforeProcessingInitializeOnLoad (2ms)
			ProcessInitializeOnLoadAttributes (131ms)
			ProcessInitializeOnLoadMethodAttributes (56ms)
			AfterProcessingInitializeOnLoad (0ms)
			EditorAssembliesLoaded (0ms)
		ExecutionOrderSort2 (0ms)
		AwakeInstancesAfterBackupRestoration (0ms)
========================================================================
Worker process is ready to serve import requests
Begin MonoManager ReloadAssembly
- Loaded All Assemblies, in  0.849 seconds
Refreshing native plugins compatible for Editor in 4.18 ms, found 7 plugins.
Native extension for WindowsStandalone target not found
Package Manager log level set to [2]
[Package Manager] Server::EnsureServerProcessIsRunning -- launch failed, reason: Unity was launched with the -noUpm command-line argument
[Package Manager] UpmClient::Send -- Unable to send message (not connected to UPM process).
[Package Manager] Cannot connect to Unity Package Manager local server
Mono: successfully reloaded assembly
- Finished resetting the current domain, in  0.856 seconds
Domain Reload Profiling: 1702ms
	BeginReloadAssembly (167ms)
		ExecutionOrderSort (0ms)
		DisableScriptedObjects (7ms)
		BackupInstance (0ms)
		ReleaseScriptingObjects (0ms)
		CreateAndSetChildDomain (21ms)
	RebuildCommonClasses (46ms)
	RebuildNativeTypeToScriptingClass (14ms)
	initialDomainReloadingComplete (58ms)
	LoadAllAssembliesAndSetupDomain (562ms)
		LoadAssemblies (355ms)
		RebuildTransferFunctionScriptingTraits (0ms)
		AnalyzeDomain (299ms)
			TypeCache.Refresh (244ms)
				TypeCache.ScanAssembly (227ms)
			ScanForSourceGeneratedMonoScriptInfo (34ms)
			ResolveRequiredComponents (19ms)
	FinalizeReload (856ms)
		ReleaseScriptCaches (0ms)
		RebuildScriptCaches (0ms)
		SetupLoadedEditorAssemblies (648ms)
			LogAssemblyErrors (0ms)
			InitializePlatformSupportModulesInManaged (9ms)
			SetLoadedEditorAssemblies (4ms)
			RefreshPlugins (0ms)
			BeforeProcessingInitializeOnLoad (87ms)
			ProcessInitializeOnLoadAttributes (468ms)
			ProcessInitializeOnLoadMethodAttributes (69ms)
			AfterProcessingInitializeOnLoad (10ms)
			EditorAssembliesLoaded (0ms)
		ExecutionOrderSort2 (0ms)
		AwakeInstancesAfterBackupRestoration (12ms)
Launched and connected shader compiler UnityShaderCompiler.exe after 0.05 seconds
Refreshing native plugins compatible for Editor in 5.19 ms, found 7 plugins.
Preloading 0 native plugins for Editor in 0.00 ms.
Unloading 6142 Unused Serialized files (Serialized files now loaded: 0)
Unloading 112 unused Assets / (2.0 MB). Loaded Objects now: 6639.
Memory consumption went from 321.0 MB to 319.0 MB.
Total: 4.699500 ms (FindLiveObjects: 0.479500 ms CreateObjectMapping: 0.478900 ms MarkObjects: 3.137700 ms  DeleteObjects: 0.602400 ms)

AssetImportParameters requested are different than current active one (requested -> active):
  custom:container-demuxer-ogg: 62fdf1f143b41e24485cea50d1cbac27 -> 
  custom:video-codec-MediaFoundation-h265: 746d11721c4dcdbdad8f713fa42b33f4 -> 
  custom:video-decoder-ogg-theora: a1e56fd34408186e4bbccfd4996cb3dc -> 
  custom:framework-win-MediaFoundation: 216162199b28c13a410421893ffa2e32 -> 
  custom:CustomObjectIndexerAttribute: d54d2f2da18e7612c182cf67624b6b12 -> 
  custom:container-demuxer-webm: 4f35f7cbe854078d1ac9338744f61a02 -> 
  custom:container-muxer-webm: aa71ff27fc2769a1b78a27578f13a17b -> 
  custom:video-decoder-webm-vp8: 9c59270c3fd7afecdb556c50c9e8de78 -> 
  custom:SearchIndexIgnoredProperties: e643bd26f0fe6173181afceb89e7c659 -> 
  custom:AudioImporter_EditorPlatform: d09bf68614088b80899f8185d706f6e7 -> 
  custom:video-encoder-webm-vp8: eb34c28f22e8b96e1ab97ce403110664 -> 
  custom:audio-decoder-ogg-vorbis: bf7c407c2cedff20999df2af8eb42d56 -> 
  custom:audio-encoder-webm-vorbis: bf7c407c2cedff20999df2af8eb42d56 -> 
========================================================================
Received Import Request.
  Time since last request: 77438.657255 seconds.
  path: Assets/Art/Prefabs/Shops/Props/SM_Prop_Clothes_Mirror_01.prefab
  artifactKey: Guid(6b2d250c7fe3c3f4aa3f559b9716bfb3) Importer(815301076,1909f56bfc062723c751e8b465ee728b)
Start importing Assets/Art/Prefabs/Shops/Props/SM_Prop_Clothes_Mirror_01.prefab using Guid(6b2d250c7fe3c3f4aa3f559b9716bfb3) Importer(815301076,1909f56bfc062723c751e8b465ee728b)  -> (artifact id: '95ad503b44314b0ddda82bd3ed220486') in 0.393206 seconds
Number of updated asset objects reloaded before import = 0
Number of asset objects unloaded after import = 11
========================================================================
Received Import Request.
  Time since last request: 0.247837 seconds.
  path: Assets/Art/Prefabs/Shops/Props/SM_Prop_Clothes_Scarf_Hanger_02.prefab
  artifactKey: Guid(3557daeb5e07ebc4d91be4243630ffaa) Importer(815301076,1909f56bfc062723c751e8b465ee728b)
Start importing Assets/Art/Prefabs/Shops/Props/SM_Prop_Clothes_Scarf_Hanger_02.prefab using Guid(3557daeb5e07ebc4d91be4243630ffaa) Importer(815301076,1909f56bfc062723c751e8b465ee728b)  -> (artifact id: 'f69fd11385967a6aee11c5b514a42598') in 0.033004 seconds
Number of updated asset objects reloaded before import = 0
Number of asset objects unloaded after import = 12
========================================================================
Received Import Request.
  Time since last request: 0.000017 seconds.
  path: Assets/Art/Prefabs/Shops/Props/SM_Prop_Clothes_Shirt_04.prefab
  artifactKey: Guid(92fe0819e8be9bf4e99c936c348f7e13) Importer(815301076,1909f56bfc062723c751e8b465ee728b)
Start importing Assets/Art/Prefabs/Shops/Props/SM_Prop_Clothes_Shirt_04.prefab using Guid(92fe0819e8be9bf4e99c936c348f7e13) Importer(815301076,1909f56bfc062723c751e8b465ee728b)  -> (artifact id: '92b04123ca76bef1811d89425e6519ab') in 0.026160 seconds
Number of updated asset objects reloaded before import = 0
Number of asset objects unloaded after import = 12
========================================================================
Received Import Request.
  Time since last request: 0.000028 seconds.
  path: Assets/Art/Prefabs/Shops/Props/SM_Prop_Clothes_Shirt_07.prefab
  artifactKey: Guid(6ddd828df125ae047b31b342365bc90e) Importer(815301076,1909f56bfc062723c751e8b465ee728b)
Start importing Assets/Art/Prefabs/Shops/Props/SM_Prop_Clothes_Shirt_07.prefab using Guid(6ddd828df125ae047b31b342365bc90e) Importer(815301076,1909f56bfc062723c751e8b465ee728b)  -> (artifact id: 'e1dec6489280317d69f2f0f352b03912') in 0.034807 seconds
Number of updated asset objects reloaded before import = 0
Number of asset objects unloaded after import = 12
========================================================================
Received Import Request.
  Time since last request: 0.000333 seconds.
  path: Assets/Art/Prefabs/Shops/Props/SM_Prop_Clothes_Shirt_02.prefab
  artifactKey: Guid(f6eead33a32eb8c42a6d256c1de4f0b7) Importer(815301076,1909f56bfc062723c751e8b465ee728b)
Start importing Assets/Art/Prefabs/Shops/Props/SM_Prop_Clothes_Shirt_02.prefab using Guid(f6eead33a32eb8c42a6d256c1de4f0b7) Importer(815301076,1909f56bfc062723c751e8b465ee728b)  -> (artifact id: '125c6586f9dbf2093d3d35194e35bd87') in 0.017912 seconds
Number of updated asset objects reloaded before import = 0
Number of asset objects unloaded after import = 12
========================================================================
Received Import Request.
  Time since last request: 0.727563 seconds.
  path: Assets/Art/Prefabs/Shops/Props/SM_Prop_Clothes_Shoe_08.prefab
  artifactKey: Guid(6a8a507be42e41342a7518bc10a106a8) Importer(815301076,1909f56bfc062723c751e8b465ee728b)
Start importing Assets/Art/Prefabs/Shops/Props/SM_Prop_Clothes_Shoe_08.prefab using Guid(6a8a507be42e41342a7518bc10a106a8) Importer(815301076,1909f56bfc062723c751e8b465ee728b)  -> (artifact id: '18c2450a3ca4217e6da72ab30b48d8dc') in 0.022761 seconds
Number of updated asset objects reloaded before import = 0
Number of asset objects unloaded after import = 12
========================================================================
Received Import Request.
  Time since last request: 0.000111 seconds.
  path: Assets/Art/Prefabs/Shops/Props/SM_Prop_Clothes_Step_01.prefab
  artifactKey: Guid(0ddf7b25c8c323d4ea201c90b369e96a) Importer(815301076,1909f56bfc062723c751e8b465ee728b)
Start importing Assets/Art/Prefabs/Shops/Props/SM_Prop_Clothes_Step_01.prefab using Guid(0ddf7b25c8c323d4ea201c90b369e96a) Importer(815301076,1909f56bfc062723c751e8b465ee728b)  -> (artifact id: '798da3203baf923ce07d4f0318f56a56') in 0.027869 seconds
Number of updated asset objects reloaded before import = 0
Number of asset objects unloaded after import = 12
========================================================================
Received Import Request.
  Time since last request: 0.000043 seconds.
  path: Assets/Art/Prefabs/Shops/Props/SM_Prop_Computer_Camera_Tripod_01.prefab
  artifactKey: Guid(73d927e944fee5d418ecaf854410ee2a) Importer(815301076,1909f56bfc062723c751e8b465ee728b)
Start importing Assets/Art/Prefabs/Shops/Props/SM_Prop_Computer_Camera_Tripod_01.prefab using Guid(73d927e944fee5d418ecaf854410ee2a) Importer(815301076,1909f56bfc062723c751e8b465ee728b)  -> (artifact id: '0c281bccf936fd83dc96abf26ab4ee98') in 0.026749 seconds
Number of updated asset objects reloaded before import = 0
Number of asset objects unloaded after import = 12
========================================================================
Received Import Request.
  Time since last request: 0.000024 seconds.
  path: Assets/Art/Prefabs/Shops/Props/SM_Prop_Clothes_Sweater_Set_01.prefab
  artifactKey: Guid(889eb7635450b484aa66de68ea416144) Importer(815301076,1909f56bfc062723c751e8b465ee728b)
Start importing Assets/Art/Prefabs/Shops/Props/SM_Prop_Clothes_Sweater_Set_01.prefab using Guid(889eb7635450b484aa66de68ea416144) Importer(815301076,1909f56bfc062723c751e8b465ee728b)  -> (artifact id: '81b9ddbaa4255e1a91cab064b8e54b76') in 0.022752 seconds
Number of updated asset objects reloaded before import = 0
Number of asset objects unloaded after import = 12
========================================================================
Received Import Request.
  Time since last request: 0.000042 seconds.
  path: Assets/Art/Prefabs/Shops/Props/SM_Prop_Computer_Camera_DSLR_02.prefab
  artifactKey: Guid(7810db04172ea70469928ecdcb79cabf) Importer(815301076,1909f56bfc062723c751e8b465ee728b)
Start importing Assets/Art/Prefabs/Shops/Props/SM_Prop_Computer_Camera_DSLR_02.prefab using Guid(7810db04172ea70469928ecdcb79cabf) Importer(815301076,1909f56bfc062723c751e8b465ee728b)  -> (artifact id: 'c88bf4b5c2ae0cc782ec03ab37aa8037') in 0.019496 seconds
Number of updated asset objects reloaded before import = 0
Number of asset objects unloaded after import = 12
========================================================================
Received Import Request.
  Time since last request: 0.289122 seconds.
  path: Assets/Art/Prefabs/Shops/Props/SM_Prop_Computer_Keyboard_04.prefab
  artifactKey: Guid(fe3a476b90b30d24ebc9aac233643eba) Importer(815301076,1909f56bfc062723c751e8b465ee728b)
Start importing Assets/Art/Prefabs/Shops/Props/SM_Prop_Computer_Keyboard_04.prefab using Guid(fe3a476b90b30d24ebc9aac233643eba) Importer(815301076,1909f56bfc062723c751e8b465ee728b)  -> (artifact id: 'db26d7cdf7da48a1f2994d6fb2363135') in 0.019766 seconds
Number of updated asset objects reloaded before import = 0
Number of asset objects unloaded after import = 12
========================================================================
Received Import Request.
  Time since last request: 0.000076 seconds.
  path: Assets/Art/Prefabs/Shops/Props/SM_Prop_Computer_Keyboard_Box_02.prefab
  artifactKey: Guid(df218bb5c9e3be549b87865371d93944) Importer(815301076,1909f56bfc062723c751e8b465ee728b)
Start importing Assets/Art/Prefabs/Shops/Props/SM_Prop_Computer_Keyboard_Box_02.prefab using Guid(df218bb5c9e3be549b87865371d93944) Importer(815301076,1909f56bfc062723c751e8b465ee728b)  -> (artifact id: '773d8493291f80d55a9065fc552a2b56') in 0.021506 seconds
Number of updated asset objects reloaded before import = 0
Number of asset objects unloaded after import = 12
========================================================================
Received Import Request.
  Time since last request: 0.000042 seconds.
  path: Assets/Art/Prefabs/Shops/Props/SM_Prop_Computer_Laptop_Case_01.prefab
  artifactKey: Guid(6d2bb955b9c5ab24a903b5200beb3853) Importer(815301076,1909f56bfc062723c751e8b465ee728b)
Start importing Assets/Art/Prefabs/Shops/Props/SM_Prop_Computer_Laptop_Case_01.prefab using Guid(6d2bb955b9c5ab24a903b5200beb3853) Importer(815301076,1909f56bfc062723c751e8b465ee728b)  -> (artifact id: 'd0853449a9e97dff845634bce755b9e0') in 0.027165 seconds
Number of updated asset objects reloaded before import = 0
Number of asset objects unloaded after import = 12
========================================================================
Received Import Request.
  Time since last request: 0.000023 seconds.
  path: Assets/Art/Prefabs/Shops/Props/SM_Prop_Computer_Laptop_Briefcase_01.prefab
  artifactKey: Guid(7475fd039c93edb4f9fffe9157d406c1) Importer(815301076,1909f56bfc062723c751e8b465ee728b)
Start importing Assets/Art/Prefabs/Shops/Props/SM_Prop_Computer_Laptop_Briefcase_01.prefab using Guid(7475fd039c93edb4f9fffe9157d406c1) Importer(815301076,1909f56bfc062723c751e8b465ee728b)  -> (artifact id: 'cbe938ad9343db028159bdc9e7d8a43c') in 0.019621 seconds
Number of updated asset objects reloaded before import = 0
Number of asset objects unloaded after import = 12
========================================================================
Received Import Request.
  Time since last request: 1.062331 seconds.
  path: Assets/Art/Prefabs/Shops/Props/SM_Prop_Computer_Monitor_01.prefab
  artifactKey: Guid(a7bbf2e946a1b0144a594d1a3759d9af) Importer(815301076,1909f56bfc062723c751e8b465ee728b)
Start importing Assets/Art/Prefabs/Shops/Props/SM_Prop_Computer_Monitor_01.prefab using Guid(a7bbf2e946a1b0144a594d1a3759d9af) Importer(815301076,1909f56bfc062723c751e8b465ee728b)  -> (artifact id: '150e9bff9d98cacf445e04599e72f537') in 0.024101 seconds
Number of updated asset objects reloaded before import = 0
Number of asset objects unloaded after import = 12
========================================================================
Received Import Request.
  Time since last request: 0.000028 seconds.
  path: Assets/Art/Prefabs/Shops/Props/SM_Prop_Computer_Monitor_08.prefab
  artifactKey: Guid(9f565c88d8950ee428bc54bf2e47ac9d) Importer(815301076,1909f56bfc062723c751e8b465ee728b)
Start importing Assets/Art/Prefabs/Shops/Props/SM_Prop_Computer_Monitor_08.prefab using Guid(9f565c88d8950ee428bc54bf2e47ac9d) Importer(815301076,1909f56bfc062723c751e8b465ee728b)  -> (artifact id: 'e3d72786e2858ffe2fae026a0d3814df') in 0.020125 seconds
Number of updated asset objects reloaded before import = 0
Number of asset objects unloaded after import = 12
========================================================================
Received Import Request.
  Time since last request: 0.000021 seconds.
  path: Assets/Art/Prefabs/Shops/Props/SM_Prop_Computer_Mouse_Box_04.prefab
  artifactKey: Guid(ae91f88ae4d674841b4de21ac1bcee6f) Importer(815301076,1909f56bfc062723c751e8b465ee728b)
Start importing Assets/Art/Prefabs/Shops/Props/SM_Prop_Computer_Mouse_Box_04.prefab using Guid(ae91f88ae4d674841b4de21ac1bcee6f) Importer(815301076,1909f56bfc062723c751e8b465ee728b)  -> (artifact id: '45afcaad185f10a6999ae6f52dcba3a6') in 0.029409 seconds
Number of updated asset objects reloaded before import = 0
Number of asset objects unloaded after import = 12
========================================================================
Received Import Request.
  Time since last request: 0.000018 seconds.
  path: Assets/Art/Prefabs/Shops/Props/SM_Prop_Computer_Monitor_03.prefab
  artifactKey: Guid(cc4eb195f45175e4d85cf616138ec24f) Importer(815301076,1909f56bfc062723c751e8b465ee728b)
Start importing Assets/Art/Prefabs/Shops/Props/SM_Prop_Computer_Monitor_03.prefab using Guid(cc4eb195f45175e4d85cf616138ec24f) Importer(815301076,1909f56bfc062723c751e8b465ee728b)  -> (artifact id: '7d370778af17519fc1405c005b5bb9fe') in 0.028784 seconds
Number of updated asset objects reloaded before import = 0
Number of asset objects unloaded after import = 12
========================================================================
Received Import Request.
  Time since last request: 0.637031 seconds.
  path: Assets/Art/Prefabs/Shops/Props/SM_Prop_Computer_Mousepad_03.prefab
  artifactKey: Guid(29be5ac8a1ee553419f37263fbb2df5f) Importer(815301076,1909f56bfc062723c751e8b465ee728b)
Start importing Assets/Art/Prefabs/Shops/Props/SM_Prop_Computer_Mousepad_03.prefab using Guid(29be5ac8a1ee553419f37263fbb2df5f) Importer(815301076,1909f56bfc062723c751e8b465ee728b)  -> (artifact id: '12b7ad0f8455777c31a5a54f408f506f') in 0.017853 seconds
Number of updated asset objects reloaded before import = 0
Number of asset objects unloaded after import = 12
========================================================================
Received Import Request.
  Time since last request: 0.000039 seconds.
  path: Assets/Art/Prefabs/Shops/Props/SM_Prop_Computer_Phone_Cordless_02.prefab
  artifactKey: Guid(04de56d92db25f349812e005ac5a5376) Importer(815301076,1909f56bfc062723c751e8b465ee728b)
Start importing Assets/Art/Prefabs/Shops/Props/SM_Prop_Computer_Phone_Cordless_02.prefab using Guid(04de56d92db25f349812e005ac5a5376) Importer(815301076,1909f56bfc062723c751e8b465ee728b)  -> (artifact id: 'afef7868f8236e1a1e04c948fb99c99b') in 0.015824 seconds
Number of updated asset objects reloaded before import = 0
Number of asset objects unloaded after import = 12
========================================================================
Received Import Request.
  Time since last request: 0.000026 seconds.
  path: Assets/Art/Prefabs/Shops/Props/SM_Prop_Computer_Printer_Paper_01.prefab
  artifactKey: Guid(7b978b14cf2fd284baabf488ad4cd637) Importer(815301076,1909f56bfc062723c751e8b465ee728b)
Start importing Assets/Art/Prefabs/Shops/Props/SM_Prop_Computer_Printer_Paper_01.prefab using Guid(7b978b14cf2fd284baabf488ad4cd637) Importer(815301076,1909f56bfc062723c751e8b465ee728b)  -> (artifact id: '22d25b285293cb2ca7b9c3dc5efbfd04') in 0.017664 seconds
Number of updated asset objects reloaded before import = 0
Number of asset objects unloaded after import = 12
========================================================================
Received Import Request.
  Time since last request: 0.000033 seconds.
  path: Assets/Art/Prefabs/Shops/Props/SM_Prop_Computer_Speaker_Bluetooth_01.prefab
  artifactKey: Guid(d972c1fbc397cfa4eabcecc3b7c3c489) Importer(815301076,1909f56bfc062723c751e8b465ee728b)
Start importing Assets/Art/Prefabs/Shops/Props/SM_Prop_Computer_Speaker_Bluetooth_01.prefab using Guid(d972c1fbc397cfa4eabcecc3b7c3c489) Importer(815301076,1909f56bfc062723c751e8b465ee728b)  -> (artifact id: '0da961112667dfd8198b6be8047bdb58') in 0.024210 seconds
Number of updated asset objects reloaded before import = 0
Number of asset objects unloaded after import = 12
========================================================================
Received Import Request.
  Time since last request: 0.751582 seconds.
  path: Assets/Art/Prefabs/Shops/Props/SM_Prop_Computer_Tower_04.prefab
  artifactKey: Guid(3c52736fb90330245930d082fdd59161) Importer(815301076,1909f56bfc062723c751e8b465ee728b)
Start importing Assets/Art/Prefabs/Shops/Props/SM_Prop_Computer_Tower_04.prefab using Guid(3c52736fb90330245930d082fdd59161) Importer(815301076,1909f56bfc062723c751e8b465ee728b)  -> (artifact id: '477f817dce2fd648bd58c0850fbcc105') in 0.021285 seconds
Number of updated asset objects reloaded before import = 0
Number of asset objects unloaded after import = 12
========================================================================
Received Import Request.
  Time since last request: 0.000019 seconds.
  path: Assets/Art/Prefabs/Shops/Props/SM_Prop_Computer_TV_Subwoofer_02.prefab
  artifactKey: Guid(da4873cc67bb587419a7f40c00fedbe4) Importer(815301076,1909f56bfc062723c751e8b465ee728b)
Start importing Assets/Art/Prefabs/Shops/Props/SM_Prop_Computer_TV_Subwoofer_02.prefab using Guid(da4873cc67bb587419a7f40c00fedbe4) Importer(815301076,1909f56bfc062723c751e8b465ee728b)  -> (artifact id: '8e7988f25ae11539f05d93b58f93a233') in 0.027293 seconds
Number of updated asset objects reloaded before import = 0
Number of asset objects unloaded after import = 12
========================================================================
Received Import Request.
  Time since last request: 0.000026 seconds.
  path: Assets/Art/Prefabs/Shops/Props/SM_Prop_Deep_Fryer_Fries_01.prefab
  artifactKey: Guid(c524ad894cc36e347a3649b27d3e5e14) Importer(815301076,1909f56bfc062723c751e8b465ee728b)
Start importing Assets/Art/Prefabs/Shops/Props/SM_Prop_Deep_Fryer_Fries_01.prefab using Guid(c524ad894cc36e347a3649b27d3e5e14) Importer(815301076,1909f56bfc062723c751e8b465ee728b)  -> (artifact id: '714fb1e4828fb39712288ebef886aba1') in 0.027174 seconds
Number of updated asset objects reloaded before import = 0
Number of asset objects unloaded after import = 12
========================================================================
Received Import Request.
  Time since last request: 0.000022 seconds.
  path: Assets/Art/Prefabs/Shops/Props/SM_Prop_Computer_TV_Subwoofer_01.prefab
  artifactKey: Guid(a269a1d1bc89fde4bbbb7dda1c812ca4) Importer(815301076,1909f56bfc062723c751e8b465ee728b)
Start importing Assets/Art/Prefabs/Shops/Props/SM_Prop_Computer_TV_Subwoofer_01.prefab using Guid(a269a1d1bc89fde4bbbb7dda1c812ca4) Importer(815301076,1909f56bfc062723c751e8b465ee728b)  -> (artifact id: '9ff284935c7581b7baffb367b9620d38') in 0.023382 seconds
Number of updated asset objects reloaded before import = 0
Number of asset objects unloaded after import = 12
========================================================================
Received Import Request.
  Time since last request: 0.050594 seconds.
  path: Assets/Art/Prefabs/Shops/Props/SM_Prop_Dumptser_02_Insert_01.prefab
  artifactKey: Guid(24bd643a516277b41b801580949682bb) Importer(815301076,1909f56bfc062723c751e8b465ee728b)
Start importing Assets/Art/Prefabs/Shops/Props/SM_Prop_Dumptser_02_Insert_01.prefab using Guid(24bd643a516277b41b801580949682bb) Importer(815301076,1909f56bfc062723c751e8b465ee728b)  -> (artifact id: 'a50dab3b07cef2e10b1d415614af8c33') in 0.018593 seconds
Number of updated asset objects reloaded before import = 0
Number of asset objects unloaded after import = 12
========================================================================
Received Import Request.
  Time since last request: 0.001222 seconds.
  path: Assets/Art/Prefabs/Shops/Props/SM_Prop_FireAlarm_01.prefab
  artifactKey: Guid(515ec03de669e5c418a3c0db0fa0317c) Importer(815301076,1909f56bfc062723c751e8b465ee728b)
Start importing Assets/Art/Prefabs/Shops/Props/SM_Prop_FireAlarm_01.prefab using Guid(515ec03de669e5c418a3c0db0fa0317c) Importer(815301076,1909f56bfc062723c751e8b465ee728b)  -> (artifact id: '59503eb9084021dcd030070a6da9d78b') in 0.017837 seconds
Number of updated asset objects reloaded before import = 0
Number of asset objects unloaded after import = 17
========================================================================
Received Import Request.
  Time since last request: 0.000015 seconds.
  path: Assets/Art/Prefabs/Shops/Props/SM_Prop_Flower_Bouquet_02.prefab
  artifactKey: Guid(658dce973996a2d49bac82fcba589291) Importer(815301076,1909f56bfc062723c751e8b465ee728b)
Start importing Assets/Art/Prefabs/Shops/Props/SM_Prop_Flower_Bouquet_02.prefab using Guid(658dce973996a2d49bac82fcba589291) Importer(815301076,1909f56bfc062723c751e8b465ee728b)  -> (artifact id: '7c74136f19ebc72e752a1550567024d3') in 0.018764 seconds
Number of updated asset objects reloaded before import = 0
Number of asset objects unloaded after import = 12
========================================================================
Received Import Request.
  Time since last request: 0.000019 seconds.
  path: Assets/Art/Prefabs/Shops/Props/SM_Prop_Flower_Bouquet_04.prefab
  artifactKey: Guid(bc940a5efdd0d5e4e9928290b9a03b99) Importer(815301076,1909f56bfc062723c751e8b465ee728b)
Start importing Assets/Art/Prefabs/Shops/Props/SM_Prop_Flower_Bouquet_04.prefab using Guid(bc940a5efdd0d5e4e9928290b9a03b99) Importer(815301076,1909f56bfc062723c751e8b465ee728b)  -> (artifact id: '4b2533734a74e685dd5e7e4c316fb33b') in 0.022379 seconds
Number of updated asset objects reloaded before import = 0
Number of asset objects unloaded after import = 12
========================================================================
Received Import Request.
  Time since last request: 0.490018 seconds.
  path: Assets/Art/Prefabs/Shops/Props/SM_Prop_Flower_Stand_Preset_01.prefab
  artifactKey: Guid(89172a3d271970b4b9de77c19832747d) Importer(815301076,1909f56bfc062723c751e8b465ee728b)
Start importing Assets/Art/Prefabs/Shops/Props/SM_Prop_Flower_Stand_Preset_01.prefab using Guid(89172a3d271970b4b9de77c19832747d) Importer(815301076,1909f56bfc062723c751e8b465ee728b)  -> (artifact id: 'ecafe8970aa564658d0e757e391b9c00') in 0.022243 seconds
Number of updated asset objects reloaded before import = 0
Number of asset objects unloaded after import = 12
========================================================================
Received Import Request.
  Time since last request: 0.000029 seconds.
  path: Assets/Art/Prefabs/Shops/Props/SM_Prop_Gumball_Machine_01.prefab
  artifactKey: Guid(be45017c9c3f0524da0e7b50b40847ed) Importer(815301076,1909f56bfc062723c751e8b465ee728b)
Start importing Assets/Art/Prefabs/Shops/Props/SM_Prop_Gumball_Machine_01.prefab using Guid(be45017c9c3f0524da0e7b50b40847ed) Importer(815301076,1909f56bfc062723c751e8b465ee728b)  -> (artifact id: '04e0aab89420679c8008a839fd2f1fc6') in 0.024828 seconds
Number of updated asset objects reloaded before import = 0
Number of asset objects unloaded after import = 18
========================================================================
Received Import Request.
  Time since last request: 0.000019 seconds.
  path: Assets/Art/Prefabs/Shops/Props/SM_Prop_Gym_Bench_Press_01.prefab
  artifactKey: Guid(674ba3fff78e0544ca970fdd12f32e82) Importer(815301076,1909f56bfc062723c751e8b465ee728b)
Start importing Assets/Art/Prefabs/Shops/Props/SM_Prop_Gym_Bench_Press_01.prefab using Guid(674ba3fff78e0544ca970fdd12f32e82) Importer(815301076,1909f56bfc062723c751e8b465ee728b)  -> (artifact id: '7746f780120188f652ceb54a5683df32') in 0.023124 seconds
Number of updated asset objects reloaded before import = 0
Number of asset objects unloaded after import = 22
========================================================================
Received Import Request.
  Time since last request: 0.000074 seconds.
  path: Assets/Art/Prefabs/Shops/Props/SM_Prop_Ground_Trim_Thin_Corner_01.prefab
  artifactKey: Guid(8e3ca735e0dee59459c55e4fb7cf0cbd) Importer(815301076,1909f56bfc062723c751e8b465ee728b)
Start importing Assets/Art/Prefabs/Shops/Props/SM_Prop_Ground_Trim_Thin_Corner_01.prefab using Guid(8e3ca735e0dee59459c55e4fb7cf0cbd) Importer(815301076,1909f56bfc062723c751e8b465ee728b)  -> (artifact id: '06af9a23862edcc9f7564f64d6c81ba9') in 0.025331 seconds
Number of updated asset objects reloaded before import = 0
Number of asset objects unloaded after import = 12
========================================================================
Received Import Request.
  Time since last request: 0.672334 seconds.
  path: Assets/Art/Prefabs/Shops/Props/SM_Prop_Gym_Cross_Trainer_01.prefab
  artifactKey: Guid(14b3861c7dbacf04aafa7290e42af0ca) Importer(815301076,1909f56bfc062723c751e8b465ee728b)
Start importing Assets/Art/Prefabs/Shops/Props/SM_Prop_Gym_Cross_Trainer_01.prefab using Guid(14b3861c7dbacf04aafa7290e42af0ca) Importer(815301076,1909f56bfc062723c751e8b465ee728b)  -> (artifact id: '35223f316e707cd36556f71bd92ecaea') in 0.018260 seconds
Number of updated asset objects reloaded before import = 0
Number of asset objects unloaded after import = 47
========================================================================
Received Import Request.
  Time since last request: 0.000034 seconds.
  path: Assets/Art/Prefabs/Shops/Props/SM_Prop_Gym_Dumbbell_04.prefab
  artifactKey: Guid(f966dd0beabddc946a2491272290eb22) Importer(815301076,1909f56bfc062723c751e8b465ee728b)
Start importing Assets/Art/Prefabs/Shops/Props/SM_Prop_Gym_Dumbbell_04.prefab using Guid(f966dd0beabddc946a2491272290eb22) Importer(815301076,1909f56bfc062723c751e8b465ee728b)  -> (artifact id: 'b97b4fcf5e7067efd3abe91820f0fd09') in 0.018008 seconds
Number of updated asset objects reloaded before import = 0
Number of asset objects unloaded after import = 12
========================================================================
Received Import Request.
  Time since last request: 0.000025 seconds.
  path: Assets/Art/Prefabs/Shops/Props/SM_Prop_Gym_Kettle_Bell_04.prefab
  artifactKey: Guid(72f8faabeb8a4e74db1d5247f7941806) Importer(815301076,1909f56bfc062723c751e8b465ee728b)
Start importing Assets/Art/Prefabs/Shops/Props/SM_Prop_Gym_Kettle_Bell_04.prefab using Guid(72f8faabeb8a4e74db1d5247f7941806) Importer(815301076,1909f56bfc062723c751e8b465ee728b)  -> (artifact id: '7f1abb08c30c4619fb5cb1d84636e073') in 0.023862 seconds
Number of updated asset objects reloaded before import = 0
Number of asset objects unloaded after import = 12
========================================================================
Received Import Request.
  Time since last request: 0.000058 seconds.
  path: Assets/Art/Prefabs/Shops/Props/SM_Prop_Gym_Kettle_Bell_02.prefab
  artifactKey: Guid(d774fda38a00abb4ea66bcf927f0a85a) Importer(815301076,1909f56bfc062723c751e8b465ee728b)
Start importing Assets/Art/Prefabs/Shops/Props/SM_Prop_Gym_Kettle_Bell_02.prefab using Guid(d774fda38a00abb4ea66bcf927f0a85a) Importer(815301076,1909f56bfc062723c751e8b465ee728b)  -> (artifact id: '2c88538589292caa84753e797ebb864e') in 0.021627 seconds
Number of updated asset objects reloaded before import = 0
Number of asset objects unloaded after import = 12
========================================================================
Received Import Request.
  Time since last request: 1.364315 seconds.
  path: Assets/Art/Prefabs/Shops/Props/SM_Prop_Gym_Plate_03.prefab
  artifactKey: Guid(46fa179d49f68c746b82777bce8a72e2) Importer(815301076,1909f56bfc062723c751e8b465ee728b)
Start importing Assets/Art/Prefabs/Shops/Props/SM_Prop_Gym_Plate_03.prefab using Guid(46fa179d49f68c746b82777bce8a72e2) Importer(815301076,1909f56bfc062723c751e8b465ee728b)  -> (artifact id: 'ff9c7dea470edd4a882018e50cba1cb7') in 0.022042 seconds
Number of updated asset objects reloaded before import = 0
Number of asset objects unloaded after import = 12
========================================================================
Received Import Request.
  Time since last request: 0.000022 seconds.
  path: Assets/Art/Prefabs/Shops/Props/SM_Prop_Gym_Spin_Bike_01.prefab
  artifactKey: Guid(ab76e825cea46804c974894cfe0fbb4d) Importer(815301076,1909f56bfc062723c751e8b465ee728b)
Start importing Assets/Art/Prefabs/Shops/Props/SM_Prop_Gym_Spin_Bike_01.prefab using Guid(ab76e825cea46804c974894cfe0fbb4d) Importer(815301076,1909f56bfc062723c751e8b465ee728b)  -> (artifact id: '06437e91ae182c28eb22f6a6128cf1cb') in 0.041044 seconds
Number of updated asset objects reloaded before import = 0
Number of asset objects unloaded after import = 37
========================================================================
Received Import Request.
  Time since last request: 0.000040 seconds.
  path: Assets/Art/Prefabs/Shops/Props/SM_Prop_Gym_Tredmill_01.prefab
  artifactKey: Guid(d5e2f4e71e86260428d220e1450ebaab) Importer(815301076,1909f56bfc062723c751e8b465ee728b)
Start importing Assets/Art/Prefabs/Shops/Props/SM_Prop_Gym_Tredmill_01.prefab using Guid(d5e2f4e71e86260428d220e1450ebaab) Importer(815301076,1909f56bfc062723c751e8b465ee728b)  -> (artifact id: 'd2175c0d37e37787031df9e3e4aac5e3') in 0.218340 seconds
Number of updated asset objects reloaded before import = 0
Number of asset objects unloaded after import = 23
========================================================================
Received Import Request.
  Time since last request: 1.711734 seconds.
  path: Assets/Art/Prefabs/Shops/Props/SM_Prop_Hunting_Ammo_Pile_02.prefab
  artifactKey: Guid(e5496310a85bed1498f884e62b247188) Importer(815301076,1909f56bfc062723c751e8b465ee728b)
Start importing Assets/Art/Prefabs/Shops/Props/SM_Prop_Hunting_Ammo_Pile_02.prefab using Guid(e5496310a85bed1498f884e62b247188) Importer(815301076,1909f56bfc062723c751e8b465ee728b)  -> (artifact id: '670b9114ce03134be151cf75b2a0e9e8') in 0.027709 seconds
Number of updated asset objects reloaded before import = 0
Number of asset objects unloaded after import = 12
========================================================================
Received Import Request.
  Time since last request: 0.000124 seconds.
  path: Assets/Art/Prefabs/Shops/Props/SM_Prop_Hunting_Animal_Head_01.prefab
  artifactKey: Guid(ef44eebae4c917b4584df8e9669efb38) Importer(815301076,1909f56bfc062723c751e8b465ee728b)
Start importing Assets/Art/Prefabs/Shops/Props/SM_Prop_Hunting_Animal_Head_01.prefab using Guid(ef44eebae4c917b4584df8e9669efb38) Importer(815301076,1909f56bfc062723c751e8b465ee728b)  -> (artifact id: '60b52036599728a0973474ea9e688c82') in 0.019637 seconds
Number of updated asset objects reloaded before import = 0
Number of asset objects unloaded after import = 12
========================================================================
Received Import Request.
  Time since last request: 0.000023 seconds.
  path: Assets/Art/Prefabs/Shops/Props/SM_Prop_Hunting_Cabinet_01.prefab
  artifactKey: Guid(12002b7272a0b8a438a12d7c5f1a25a7) Importer(815301076,1909f56bfc062723c751e8b465ee728b)
Start importing Assets/Art/Prefabs/Shops/Props/SM_Prop_Hunting_Cabinet_01.prefab using Guid(12002b7272a0b8a438a12d7c5f1a25a7) Importer(815301076,1909f56bfc062723c751e8b465ee728b)  -> (artifact id: 'd2feab648b4dd973fb8db7c557a97e97') in 0.026578 seconds
Number of updated asset objects reloaded before import = 0
Number of asset objects unloaded after import = 18
========================================================================
Received Import Request.
  Time since last request: 0.001617 seconds.
  path: Assets/Art/Prefabs/Shops/Props/SM_Prop_Hunting_Decoy_02.prefab
  artifactKey: Guid(f2e8588a5c22d4f498f82f8e53d71c87) Importer(815301076,1909f56bfc062723c751e8b465ee728b)
Start importing Assets/Art/Prefabs/Shops/Props/SM_Prop_Hunting_Decoy_02.prefab using Guid(f2e8588a5c22d4f498f82f8e53d71c87) Importer(815301076,1909f56bfc062723c751e8b465ee728b)  -> (artifact id: '73e68e244273782235efbcc94acdf4dd') in 0.025082 seconds
Number of updated asset objects reloaded before import = 0
Number of asset objects unloaded after import = 12
========================================================================
Received Import Request.
  Time since last request: 0.494647 seconds.
  path: Assets/Art/Prefabs/Shops/Props/SM_Prop_Hunting_Fishing_Line_01.prefab
  artifactKey: Guid(d88a3d343576ba64793bcc61bd64afea) Importer(815301076,1909f56bfc062723c751e8b465ee728b)
Start importing Assets/Art/Prefabs/Shops/Props/SM_Prop_Hunting_Fishing_Line_01.prefab using Guid(d88a3d343576ba64793bcc61bd64afea) Importer(815301076,1909f56bfc062723c751e8b465ee728b)  -> (artifact id: 'c7d541f309b46372fe142bb80c2ea921') in 0.020585 seconds
Number of updated asset objects reloaded before import = 0
Number of asset objects unloaded after import = 12
========================================================================
Received Import Request.
  Time since last request: 0.000049 seconds.
  path: Assets/Art/Prefabs/Shops/Props/SM_Prop_Hunting_Fishing_Rod_03.prefab
  artifactKey: Guid(04b31f949ad61474da750c8b91f01cb9) Importer(815301076,1909f56bfc062723c751e8b465ee728b)
Start importing Assets/Art/Prefabs/Shops/Props/SM_Prop_Hunting_Fishing_Rod_03.prefab using Guid(04b31f949ad61474da750c8b91f01cb9) Importer(815301076,1909f56bfc062723c751e8b465ee728b)  -> (artifact id: '6393fe205656c14f4b85a5cb9ad81f1c') in 0.020975 seconds
Number of updated asset objects reloaded before import = 0
Number of asset objects unloaded after import = 22
========================================================================
Received Import Request.
  Time since last request: 0.000033 seconds.
  path: Assets/Art/Prefabs/Shops/Props/SM_Prop_Hunting_Fishing_Rod_Rack_Wall_Loaded_01.prefab
  artifactKey: Guid(f5daa82640434394cb9bebaa5443a155) Importer(815301076,1909f56bfc062723c751e8b465ee728b)
Start importing Assets/Art/Prefabs/Shops/Props/SM_Prop_Hunting_Fishing_Rod_Rack_Wall_Loaded_01.prefab using Guid(f5daa82640434394cb9bebaa5443a155) Importer(815301076,1909f56bfc062723c751e8b465ee728b)  -> (artifact id: '8f00a5eb20faefc77d6a4fca826b905c') in 0.025785 seconds
Number of updated asset objects reloaded before import = 0
Number of asset objects unloaded after import = 12
========================================================================
Received Import Request.
  Time since last request: 0.000030 seconds.
  path: Assets/Art/Prefabs/Shops/Props/SM_Prop_Hunting_Fishing_Rod_Rack_Wood_01.prefab
  artifactKey: Guid(3d482fc19a5596242ad4c5fb61047ee8) Importer(815301076,1909f56bfc062723c751e8b465ee728b)
Start importing Assets/Art/Prefabs/Shops/Props/SM_Prop_Hunting_Fishing_Rod_Rack_Wood_01.prefab using Guid(3d482fc19a5596242ad4c5fb61047ee8) Importer(815301076,1909f56bfc062723c751e8b465ee728b)  -> (artifact id: 'e3d49061769e08cd0abbf1bbd9e52df2') in 0.022059 seconds
Number of updated asset objects reloaded before import = 0
Number of asset objects unloaded after import = 12
Editor requested this worker to shutdown with reason: Scaling down because of idle timeout
TcpMessagingSession - receive error: operation aborted. errorcode: 995, details: The I/O operation has been aborted because of either a thread exit or an application request.
AssetImportWorker is now disconnected from the server
Process exiting
Exiting without the bug reporter. Application will terminate with return code 0